10/15/12;alumnos;I;MoverV5.sh;606 Archivo ./tests/arribos/sa2sapp_1900-09-30 duplicado: Renombrado a ./tests/arribos/sa2sapp_1900-09-30_1_
10/15/12;alumnos;I;MoverV5.sh;602 Se movio el archivo ./tests/arribos/sa2sapp_1900-09-30 con éxito
10/15/12;alumnos;I;MoverV5.sh;606 Archivo ./tests/arribos/sa2sapp_2012-09-30 duplicado: Renombrado a ./tests/arribos/sa2sapp_2012-09-30_1_
10/15/12;alumnos;I;MoverV5.sh;602 Se movio el archivo ./tests/arribos/sa2sapp_2012-09-30 con éxito
10/15/12;alumnos;I;MoverV5.sh;606 Archivo ./tests/arribos/pepe_2004-10-10 duplicado: Renombrado a ./tests/arribos/pepe_2004-10-10_1_
10/15/12;alumnos;I;MoverV5.sh;602 Se movio el archivo ./tests/arribos/pepe_2004-10-10 con éxito
10/15/12;alumnos;I;MoverV5.sh;606 Archivo ./tests/arribos/testapp_2013-01-01 duplicado: Renombrado a ./tests/arribos/testapp_2013-01-01_1_
10/15/12;alumnos;I;MoverV5.sh;602 Se movio el archivo ./tests/arribos/testapp_2013-01-01 con éxito
10/15/12;alumnos;I;MoverV5.sh;606 Archivo ./tests/arribos/sasapp_2012-09-30 duplicado: Renombrado a ./tests/arribos/sasapp_2012-09-30_1_
10/15/12;alumnos;I;MoverV5.sh;602 Se movio el archivo ./tests/arribos/sasapp_2012-09-30 con éxito
10/15/12;alumnos;I;MoverV5.sh;606 Archivo ./tests/arribos/sa2sapp_1990-05-10 duplicado: Renombrado a ./tests/arribos/sa2sapp_1990-05-10_1_
10/15/12;alumnos;I;MoverV5.sh;602 Se movio el archivo ./tests/arribos/sa2sapp_1990-05-10 con éxito
10/15/12;alumnos;I;MoverV5.sh;606 Archivo ./tests/arribos/pepe duplicado: Renombrado a ./tests/arribos/pepe_1_
10/15/12;alumnos;I;MoverV5.sh;602 Se movio el archivo ./tests/arribos/pepe con éxito
10/15/12;alumnos;I;MoverV5.sh;606 Archivo ./tests/arribos/soapp1_2004-10-10 duplicado: Renombrado a ./tests/arribos/soapp1_2004-10-10_1_
10/15/12;alumnos;I;MoverV5.sh;602 Se movio el archivo ./tests/arribos/soapp1_2004-10-10 con éxito
10/15/12;alumnos;I;MoverV5.sh;606 Archivo ./tests/arribos/soapp1_2000-10-10 duplicado: Renombrado a ./tests/arribos/soapp1_2000-10-10_1_
10/15/12;alumnos;I;MoverV5.sh;602 Se movio el archivo ./tests/arribos/soapp1_2000-10-10 con éxito
10/15/12;alumnos;I;MoverV5.sh;606 Archivo ./tests/arribos/sasapp_2012-10-10 duplicado: Renombrado a ./tests/arribos/sasapp_2012-10-10_1_
10/15/12;alumnos;I;MoverV5.sh;602 Se movio el archivo ./tests/arribos/sasapp_2012-10-10 con éxito
