\BOOKMARK [1][-]{section.1}{Planilla Docente}{}
\BOOKMARK [1][-]{section.2}{Hip\363tesis y Aclaraciones Globales}{}
\BOOKMARK [1][-]{section.3}{Problemas Relevantes}{}
\BOOKMARK [1][-]{section.4}{Archivo README}{}
\BOOKMARK [1][-]{section.5}{Listado de Comandos y Funciones}{}
\BOOKMARK [2][-]{subsection.5.1}{InstalaV5}{section.5}
\BOOKMARK [3][-]{subsubsection.5.1.1}{Usos}{subsection.5.1}
\BOOKMARK [3][-]{subsubsection.5.1.2}{Archivos}{subsection.5.1}
\BOOKMARK [3][-]{subsubsection.5.1.3}{Par\341metros y Opciones}{subsection.5.1}
\BOOKMARK [3][-]{subsubsection.5.1.4}{Invocaci\363n Manual/Autom\341tica con ejemplos}{subsection.5.1}
\BOOKMARK [3][-]{subsubsection.5.1.5}{Hip\363tesis y Aclaraciones del Comando}{subsection.5.1}
\BOOKMARK [3][-]{subsubsection.5.1.6}{C\363digo Fuente}{subsection.5.1}
\BOOKMARK [2][-]{subsection.5.2}{IniciarV5}{section.5}
\BOOKMARK [3][-]{subsubsection.5.2.1}{Usos}{subsection.5.2}
\BOOKMARK [3][-]{subsubsection.5.2.2}{Archivos}{subsection.5.2}
\BOOKMARK [3][-]{subsubsection.5.2.3}{Par\341metros y Opciones}{subsection.5.2}
\BOOKMARK [3][-]{subsubsection.5.2.4}{Invocaci\363n Manual/Autom\341tica con ejemplos}{subsection.5.2}
\BOOKMARK [3][-]{subsubsection.5.2.5}{Hip\363tesis y Aclaraciones del Comando}{subsection.5.2}
\BOOKMARK [3][-]{subsubsection.5.2.6}{C\363digo Fuente}{subsection.5.2}
\BOOKMARK [2][-]{subsection.5.3}{DetectaV5}{section.5}
\BOOKMARK [3][-]{subsubsection.5.3.1}{Usos}{subsection.5.3}
\BOOKMARK [3][-]{subsubsection.5.3.2}{Archivos}{subsection.5.3}
\BOOKMARK [3][-]{subsubsection.5.3.3}{Par\341metros y Opciones}{subsection.5.3}
\BOOKMARK [3][-]{subsubsection.5.3.4}{Invocaci\363n Manual/Autom\341tica con ejemplos}{subsection.5.3}
\BOOKMARK [3][-]{subsubsection.5.3.5}{Hip\363tesis y Aclaraciones del Comando}{subsection.5.3}
\BOOKMARK [3][-]{subsubsection.5.3.6}{C\363digo Fuente}{subsection.5.3}
\BOOKMARK [2][-]{subsection.5.4}{BuscarV5}{section.5}
\BOOKMARK [3][-]{subsubsection.5.4.1}{Usos}{subsection.5.4}
\BOOKMARK [3][-]{subsubsection.5.4.2}{Archivos}{subsection.5.4}
\BOOKMARK [3][-]{subsubsection.5.4.3}{Par\341metros y Opciones}{subsection.5.4}
\BOOKMARK [3][-]{subsubsection.5.4.4}{Invocaci\363n Manual/Autom\341tica con ejemplos}{subsection.5.4}
\BOOKMARK [3][-]{subsubsection.5.4.5}{Hip\363tesis y Aclaraciones del Comando}{subsection.5.4}
\BOOKMARK [3][-]{subsubsection.5.4.6}{C\363digo Fuente}{subsection.5.4}
\BOOKMARK [2][-]{subsection.5.5}{ListarV5}{section.5}
\BOOKMARK [3][-]{subsubsection.5.5.1}{Usos}{subsection.5.5}
\BOOKMARK [3][-]{subsubsection.5.5.2}{Archivos}{subsection.5.5}
\BOOKMARK [3][-]{subsubsection.5.5.3}{Par\341metros y Opciones}{subsection.5.5}
\BOOKMARK [3][-]{subsubsection.5.5.4}{Invocaci\363n Manual/Autom\341tica con ejemplos}{subsection.5.5}
\BOOKMARK [3][-]{subsubsection.5.5.5}{Hip\363tesis y Aclaraciones del Comando}{subsection.5.5}
\BOOKMARK [3][-]{subsubsection.5.5.6}{C\363digo Fuente}{subsection.5.5}
\BOOKMARK [2][-]{subsection.5.6}{IniciarV5}{section.5}
\BOOKMARK [3][-]{subsubsection.5.6.1}{Usos}{subsection.5.6}
\BOOKMARK [3][-]{subsubsection.5.6.2}{Archivos}{subsection.5.6}
\BOOKMARK [3][-]{subsubsection.5.6.3}{Par\341metros y Opciones}{subsection.5.6}
\BOOKMARK [3][-]{subsubsection.5.6.4}{Invocaci\363n Manual/Autom\341tica con ejemplos}{subsection.5.6}
\BOOKMARK [3][-]{subsubsection.5.6.5}{Hip\363tesis y Aclaraciones del Comando}{subsection.5.6}
\BOOKMARK [3][-]{subsubsection.5.6.6}{C\363digo Fuente}{subsection.5.6}
\BOOKMARK [2][-]{subsection.5.7}{LoguearV5}{section.5}
\BOOKMARK [3][-]{subsubsection.5.7.1}{Usos}{subsection.5.7}
\BOOKMARK [3][-]{subsubsection.5.7.2}{Archivos}{subsection.5.7}
\BOOKMARK [3][-]{subsubsection.5.7.3}{Par\341metros y Opciones}{subsection.5.7}
\BOOKMARK [3][-]{subsubsection.5.7.4}{Invocaci\363n Manual/Autom\341tica con ejemplos}{subsection.5.7}
\BOOKMARK [3][-]{subsubsection.5.7.5}{Hip\363tesis y Aclaraciones del Comando}{subsection.5.7}
\BOOKMARK [3][-]{subsubsection.5.7.6}{C\363digo Fuente}{subsection.5.7}
\BOOKMARK [2][-]{subsection.5.8}{MirarV5}{section.5}
\BOOKMARK [3][-]{subsubsection.5.8.1}{Usos}{subsection.5.8}
\BOOKMARK [3][-]{subsubsection.5.8.2}{Archivos}{subsection.5.8}
\BOOKMARK [3][-]{subsubsection.5.8.3}{Par\341metros y Opciones}{subsection.5.8}
\BOOKMARK [3][-]{subsubsection.5.8.4}{Invocaci\363n Manual/Autom\341tica con ejemplos}{subsection.5.8}
\BOOKMARK [3][-]{subsubsection.5.8.5}{Hip\363tesis y Aclaraciones del Comando}{subsection.5.8}
\BOOKMARK [3][-]{subsubsection.5.8.6}{C\363digo Fuente}{subsection.5.8}
\BOOKMARK [2][-]{subsection.5.9}{MoverV5}{section.5}
\BOOKMARK [3][-]{subsubsection.5.9.1}{Usos}{subsection.5.9}
\BOOKMARK [3][-]{subsubsection.5.9.2}{Archivos}{subsection.5.9}
\BOOKMARK [3][-]{subsubsection.5.9.3}{Par\341metros y Opciones}{subsection.5.9}
\BOOKMARK [3][-]{subsubsection.5.9.4}{Invocaci\363n Manual/Autom\341tica con ejemplos}{subsection.5.9}
\BOOKMARK [3][-]{subsubsection.5.9.5}{Hip\363tesis y Aclaraciones del Comando}{subsection.5.9}
\BOOKMARK [3][-]{subsubsection.5.9.6}{C\363digo Fuente}{subsection.5.9}
\BOOKMARK [2][-]{subsection.5.10}{StartD}{section.5}
\BOOKMARK [3][-]{subsubsection.5.10.1}{Usos}{subsection.5.10}
\BOOKMARK [3][-]{subsubsection.5.10.2}{Archivos}{subsection.5.10}
\BOOKMARK [3][-]{subsubsection.5.10.3}{Par\341metros y Opciones}{subsection.5.10}
\BOOKMARK [3][-]{subsubsection.5.10.4}{Invocaci\363n Manual/Autom\341tica con ejemplos}{subsection.5.10}
\BOOKMARK [3][-]{subsubsection.5.10.5}{Hip\363tesis y Aclaraciones del Comando}{subsection.5.10}
\BOOKMARK [3][-]{subsubsection.5.10.6}{C\363digo Fuente}{subsection.5.10}
\BOOKMARK [2][-]{subsection.5.11}{StopD}{section.5}
\BOOKMARK [3][-]{subsubsection.5.11.1}{Usos}{subsection.5.11}
\BOOKMARK [3][-]{subsubsection.5.11.2}{Archivos}{subsection.5.11}
\BOOKMARK [3][-]{subsubsection.5.11.3}{Par\341metros y Opciones}{subsection.5.11}
\BOOKMARK [3][-]{subsubsection.5.11.4}{Invocaci\363n Manual/Autom\341tica con ejemplos}{subsection.5.11}
\BOOKMARK [3][-]{subsubsection.5.11.5}{Hip\363tesis y Aclaraciones del Comando}{subsection.5.11}
\BOOKMARK [3][-]{subsubsection.5.11.6}{C\363digo Fuente}{subsection.5.11}
\BOOKMARK [1][-]{section.6}{Archivos}{}
\BOOKMARK [2][-]{subsection.6.1}{Definidos en Enunciado}{section.6}
\BOOKMARK [3][-]{subsubsection.6.1.1}{InstalaV5.conf}{subsection.6.1}
\BOOKMARK [3][-]{subsubsection.6.1.2}{<Comando>.logext}{subsection.6.1}
\BOOKMARK [3][-]{subsubsection.6.1.3}{Patrones}{subsection.6.1}
\BOOKMARK [3][-]{subsubsection.6.1.4}{Sistemas}{subsection.6.1}
\BOOKMARK [3][-]{subsubsection.6.1.5}{rglobales. PAT\137ID}{subsection.6.1}
\BOOKMARK [3][-]{subsubsection.6.1.6}{resultados.PAT\137ID}{subsection.6.1}
\BOOKMARK [3][-]{subsubsection.6.1.7}{salida\137xxx}{subsection.6.1}
\BOOKMARK [2][-]{subsection.6.2}{Auxiliares}{section.6}
\BOOKMARK [3][-]{subsubsection.6.2.1}{ListaErrores}{subsection.6.2}
\BOOKMARK [1][-]{section.7}{Ap\351ndice A}{}
