This is pdfTeX, Version 3.1415926-2.4-1.40.13 (TeX Live 2012/Debian) (format=pdflatex 2012.9.18)  16 OCT 2012 14:02
entering extended mode
 restricted \write18 enabled.
 %&-line parsing enabled.
**informe.tex
(./informe.tex
LaTeX2e <2011/06/27>
Babel <v3.8m> and hyphenation patterns for english, dumylang, nohyphenation, lo
aded.
(/usr/share/texlive/texmf-dist/tex/latex/base/article.cls
Document Class: article 2007/10/19 v1.4h Standard LaTeX document class
(/usr/share/texlive/texmf-dist/tex/latex/base/size12.clo
File: size12.clo 2007/10/19 v1.4h Standard LaTeX file (size option)
)
\c@part=\count79
\c@section=\count80
\c@subsection=\count81
\c@subsubsection=\count82
\c@paragraph=\count83
\c@subparagraph=\count84
\c@figure=\count85
\c@table=\count86
\abovecaptionskip=\skip41
\belowcaptionskip=\skip42
\bibindent=\dimen102
)
(/usr/share/texlive/texmf-dist/tex/latex/base/inputenc.sty
Package: inputenc 2008/03/30 v1.1d Input encoding file
\inpenc@prehook=\toks14
\inpenc@posthook=\toks15

(/usr/share/texlive/texmf-dist/tex/latex/ucs/utf8x.def
File: utf8x.def 2004/10/17 UCS: Input encoding UTF-8
))
(/usr/share/texlive/texmf-dist/tex/latex/ucs/ucs.sty
Package: ucs 2004/10/17 UCS: Unicode input support

(/usr/share/texlive/texmf-dist/tex/latex/ucs/data/uni-global.def
File: uni-global.def 2012/04/20 UCS: Unicode global data
)
\uc@secondtry=\count87
\uc@combtoks=\toks16
\uc@combtoksb=\toks17
\uc@temptokena=\toks18
)
(/usr/share/texlive/texmf-dist/tex/generic/babel/babel.sty
Package: babel 2008/07/08 v3.8m The Babel package

(/usr/share/texlive/texmf-dist/tex/generic/babel/spanish.ldf
Language: spanish.ldf 2011/10/06 v5.0k Spanish support from the babel system

(/usr/share/texlive/texmf-dist/tex/generic/babel/babel.def
File: babel.def 2008/07/08 v3.8m Babel common definitions
\babel@savecnt=\count88
\U@D=\dimen103
)

Package babel Warning: No hyphenation patterns were loaded for
(babel)                the language `Spanish'
(babel)                I will use the patterns loaded for \language=0 instead.

\l@spanish = a dialect from \language0
\es@datefmt=\count89
\es@quottoks=\toks19
\es@quotdepth=\count90
Package babel Info: Making " an active character on input line 496.
Package babel Info: Making . an active character on input line 599.
Package babel Info: Making < an active character on input line 644.
Package babel Info: Making > an active character on input line 644.
)) (./informe.aux
LaTeX Info: Redefining \. on input line 6.
LaTeX Info: Redefining \% on input line 6.
)
\openout1 = `informe.aux'.

LaTeX Font Info:    Checking defaults for OML/cmm/m/it on input line 52.
LaTeX Font Info:    ... okay on input line 52.
LaTeX Font Info:    Checking defaults for T1/cmr/m/n on input line 52.
LaTeX Font Info:    ... okay on input line 52.
LaTeX Font Info:    Checking defaults for OT1/cmr/m/n on input line 52.
LaTeX Font Info:    ... okay on input line 52.
LaTeX Font Info:    Checking defaults for OMS/cmsy/m/n on input line 52.
LaTeX Font Info:    ... okay on input line 52.
LaTeX Font Info:    Checking defaults for OMX/cmex/m/n on input line 52.
LaTeX Font Info:    ... okay on input line 52.
LaTeX Font Info:    Checking defaults for U/cmr/m/n on input line 52.
LaTeX Font Info:    ... okay on input line 52.
 (/usr/share/texlive/texmf-dist/tex/latex/ucs/ucsencs.def
File: ucsencs.def 2011/01/21 Fixes to fontencodings LGR, T3
)
LaTeX Info: Redefining \. on input line 52.
LaTeX Info: Redefining \% on input line 52.

(/usr/share/texlive/texmf-dist/tex/latex/ucs/data/uni-0.def
File: uni-0.def 2012/04/20 UCS: Unicode data U+0000..U+00FF
)
LaTeX Font Info:    External font `cmex10' loaded for size
(Font)              <12> on input line 54.
LaTeX Font Info:    External font `cmex10' loaded for size
(Font)              <8> on input line 54.
LaTeX Font Info:    External font `cmex10' loaded for size
(Font)              <6> on input line 54.
LaTeX Font Info:    External font `cmex10' loaded for size
(Font)              <14.4> on input line 54.
LaTeX Font Info:    External font `cmex10' loaded for size
(Font)              <7> on input line 54.


LaTeX Warning: No \author given.

[1

{/var/lib/texmf/fonts/map/pdftex/updmap/pdftex.map}] (./informe.toc
LaTeX Info: Redefining \. on input line 1.
LaTeX Info: Redefining \% on input line 1.
)
\tf@toc=\write3
\openout3 = `informe.toc'.

LaTeX Info: Redefining \. on input line 60.
LaTeX Info: Redefining \% on input line 60.
 [2]
(/usr/share/texlive/texmf-dist/tex/latex/ucs/data/uni-32.def
File: uni-32.def 2012/04/20 UCS: Unicode data U+2000..U+20FF
)
LaTeX Info: Redefining \. on input line 86.
LaTeX Info: Redefining \% on input line 86.
 [3]
LaTeX Info: Redefining \. on input line 150.
LaTeX Info: Redefining \% on input line 150.
 [4]
LaTeX Info: Redefining \. on input line 215.
LaTeX Info: Redefining \% on input line 215.
 [5]
Overfull \hbox (60.77522pt too wide) in paragraph at lines 258--258
[]        \OT1/cmtt/m/n/12 -g, -global          (default) Consultar los resulta
dos globales.[] 
 []


Overfull \hbox (11.3752pt too wide) in paragraph at lines 258--258
[]        \OT1/cmtt/m/n/12 -r, -resultado       Consultar los resultados detall
ados.[] 
 []


Overfull \hbox (54.60022pt too wide) in paragraph at lines 258--258
[]        \OT1/cmtt/m/n/12 -x, -salida          Grabar el informe en un archivo
 en lugar de[] 
 []

LaTeX Info: Redefining \. on input line 272.
LaTeX Info: Redefining \% on input line 272.
[6]
Overfull \hbox (6.14833pt too wide) in paragraph at lines 274--275
\OT1/cmr/m/n/12 (car-ac-teres), ID[]SISTEMA (car-ac-teres), CON-TEX-TO (lin-ea 
^^So car-ac-ter), DES-
 []


Overfull \hbox (7.41145pt too wide) in paragraph at lines 282--283
[]\OT1/cmr/bx/n/12 Estructura: \OT1/cmr/m/n/12 reg-istros de la for-ma CI-CLO[]
BUSQUEDA (num^^Seri-co), NOM-
 []


Overfull \hbox (7.41145pt too wide) in paragraph at lines 290--291
[]\OT1/cmr/bx/n/12 Estructura: \OT1/cmr/m/n/12 reg-istros de la for-ma CI-CLO[]
BUSQUEDA (num^^Seri-co), NOM-
 []


Overfull \hbox (4.01321pt too wide) in paragraph at lines 290--291
\OT1/cmr/m/n/12 BRE[]ARCHIVO (al-fanum^^Seri-co), EX-PR[]REG (car-ac-teres), CO
N-TEX-TO (lin-
 []


Overfull \hbox (5.27197pt too wide) in paragraph at lines 290--291
\OT1/cmr/m/n/12 ea ^^So car-ac-ter), DES-DE (nu-meri-co), HAS-TA (nu-meri-co), 
CANT[]HALLAZGOS
 []

LaTeX Info: Redefining \. on input line 306.
LaTeX Info: Redefining \% on input line 306.
[7]
Overfull \hbox (2.12494pt too wide) in paragraph at lines 314--315
[]\OT1/cmtt/m/n/12 401 Inicio BuscarV5 - Ciclo Nro:$ $%s - Cantidad de archivos
:$ $%s 
 []


Overfull \hbox (33.44601pt too wide) in paragraph at lines 318--319
[]\OT1/cmtt/m/n/12 $BINDIR/LoguearV5.sh -c 401 -f BuscarV5 -i I $CICLO $CANT[]A
RCHIVOS 
 []

LaTeX Info: Redefining \. on input line 322.
LaTeX Info: Redefining \% on input line 322.
[8] (./informe.aux
LaTeX Info: Redefining \. on input line 6.
LaTeX Info: Redefining \% on input line 6.
) ) 
Here is how much of TeX's memory you used:
 1912 strings out of 495059
 23493 string characters out of 3182030
 80573 words of memory out of 3000000
 5131 multiletter control sequences out of 15000+200000
 9676 words of font info for 34 fonts, out of 3000000 for 9000
 14 hyphenation exceptions out of 8191
 25i,8n,27p,558b,595s stack positions out of 5000i,500n,10000p,200000b,50000s
</usr/share/texlive/texmf-dist/fonts/type1/public/amsfonts/cm/cmbx12.pfb></u
sr/share/texlive/texmf-dist/fonts/type1/public/amsfonts/cm/cmr12.pfb></usr/shar
e/texlive/texmf-dist/fonts/type1/public/amsfonts/cm/cmr17.pfb></usr/share/texli
ve/texmf-dist/fonts/type1/public/amsfonts/cm/cmsl12.pfb></usr/share/texlive/tex
mf-dist/fonts/type1/public/amsfonts/cm/cmti12.pfb></usr/share/texlive/texmf-dis
t/fonts/type1/public/amsfonts/cm/cmtt12.pfb>
Output written on informe.pdf (8 pages, 90369 bytes).
PDF statistics:
 55 PDF objects out of 1000 (max. 8388607)
 38 compressed objects within 1 object stream
 0 named destinations out of 1000 (max. 500000)
 1 words of extra memory for PDF output out of 10000 (max. 10000000)

