\BOOKMARK [1][-]{section.1}{Planilla Docente}{}% 1
\BOOKMARK [1][-]{section.2}{Hip\363tesis y Aclaraciones Globales}{}% 2
\BOOKMARK [1][-]{section.3}{Problemas Relevantes}{}% 3
\BOOKMARK [1][-]{section.4}{Archivo README}{}% 4
\BOOKMARK [1][-]{section.5}{Listado de Comandos y Funciones}{}% 5
\BOOKMARK [2][-]{subsection.5.1}{InstalaV5}{section.5}% 6
\BOOKMARK [3][-]{subsubsection.5.1.1}{Usos}{subsection.5.1}% 7
\BOOKMARK [3][-]{subsubsection.5.1.2}{Archivos}{subsection.5.1}% 8
\BOOKMARK [3][-]{subsubsection.5.1.3}{Par\341metros y Opciones}{subsection.5.1}% 9
\BOOKMARK [3][-]{subsubsection.5.1.4}{Invocaci\363n Manual/Autom\341tica con ejemplos}{subsection.5.1}% 10
\BOOKMARK [3][-]{subsubsection.5.1.5}{Hip\363tesis y Aclaraciones del Comando}{subsection.5.1}% 11
\BOOKMARK [3][-]{subsubsection.5.1.6}{C\363digo Fuente}{subsection.5.1}% 12
\BOOKMARK [2][-]{subsection.5.2}{IniciarV5}{section.5}% 13
\BOOKMARK [3][-]{subsubsection.5.2.1}{Usos}{subsection.5.2}% 14
\BOOKMARK [3][-]{subsubsection.5.2.2}{Archivos}{subsection.5.2}% 15
\BOOKMARK [3][-]{subsubsection.5.2.3}{Par\341metros y Opciones}{subsection.5.2}% 16
\BOOKMARK [3][-]{subsubsection.5.2.4}{Invocaci\363n Manual/Autom\341tica con ejemplos}{subsection.5.2}% 17
\BOOKMARK [3][-]{subsubsection.5.2.5}{Hip\363tesis y Aclaraciones del Comando}{subsection.5.2}% 18
\BOOKMARK [3][-]{subsubsection.5.2.6}{C\363digo Fuente}{subsection.5.2}% 19
\BOOKMARK [2][-]{subsection.5.3}{DetectaV5}{section.5}% 20
\BOOKMARK [3][-]{subsubsection.5.3.1}{Usos}{subsection.5.3}% 21
\BOOKMARK [3][-]{subsubsection.5.3.2}{Archivos}{subsection.5.3}% 22
\BOOKMARK [3][-]{subsubsection.5.3.3}{Par\341metros y Opciones}{subsection.5.3}% 23
\BOOKMARK [3][-]{subsubsection.5.3.4}{Invocaci\363n Manual/Autom\341tica con ejemplos}{subsection.5.3}% 24
\BOOKMARK [3][-]{subsubsection.5.3.5}{Hip\363tesis y Aclaraciones del Comando}{subsection.5.3}% 25
\BOOKMARK [3][-]{subsubsection.5.3.6}{C\363digo Fuente}{subsection.5.3}% 26
\BOOKMARK [2][-]{subsection.5.4}{BuscarV5}{section.5}% 27
\BOOKMARK [3][-]{subsubsection.5.4.1}{Usos}{subsection.5.4}% 28
\BOOKMARK [3][-]{subsubsection.5.4.2}{Archivos}{subsection.5.4}% 29
\BOOKMARK [3][-]{subsubsection.5.4.3}{Par\341metros y Opciones}{subsection.5.4}% 30
\BOOKMARK [3][-]{subsubsection.5.4.4}{Invocaci\363n Manual/Autom\341tica con ejemplos}{subsection.5.4}% 31
\BOOKMARK [3][-]{subsubsection.5.4.5}{Hip\363tesis y Aclaraciones del Comando}{subsection.5.4}% 32
\BOOKMARK [3][-]{subsubsection.5.4.6}{C\363digo Fuente}{subsection.5.4}% 33
\BOOKMARK [2][-]{subsection.5.5}{ListarV5}{section.5}% 34
\BOOKMARK [3][-]{subsubsection.5.5.1}{Usos}{subsection.5.5}% 35
\BOOKMARK [3][-]{subsubsection.5.5.2}{Archivos}{subsection.5.5}% 36
\BOOKMARK [3][-]{subsubsection.5.5.3}{Par\341metros y Opciones}{subsection.5.5}% 37
\BOOKMARK [3][-]{subsubsection.5.5.4}{Invocaci\363n Manual/Autom\341tica con ejemplos}{subsection.5.5}% 38
\BOOKMARK [3][-]{subsubsection.5.5.5}{Hip\363tesis y Aclaraciones del Comando}{subsection.5.5}% 39
\BOOKMARK [3][-]{subsubsection.5.5.6}{C\363digo Fuente}{subsection.5.5}% 40
\BOOKMARK [2][-]{subsection.5.6}{IniciarV5}{section.5}% 41
\BOOKMARK [3][-]{subsubsection.5.6.1}{Usos}{subsection.5.6}% 42
\BOOKMARK [3][-]{subsubsection.5.6.2}{Archivos}{subsection.5.6}% 43
\BOOKMARK [3][-]{subsubsection.5.6.3}{Par\341metros y Opciones}{subsection.5.6}% 44
\BOOKMARK [3][-]{subsubsection.5.6.4}{Invocaci\363n Manual/Autom\341tica con ejemplos}{subsection.5.6}% 45
\BOOKMARK [3][-]{subsubsection.5.6.5}{Hip\363tesis y Aclaraciones del Comando}{subsection.5.6}% 46
\BOOKMARK [3][-]{subsubsection.5.6.6}{C\363digo Fuente}{subsection.5.6}% 47
\BOOKMARK [2][-]{subsection.5.7}{LoguearV5}{section.5}% 48
\BOOKMARK [3][-]{subsubsection.5.7.1}{Usos}{subsection.5.7}% 49
\BOOKMARK [3][-]{subsubsection.5.7.2}{Archivos}{subsection.5.7}% 50
\BOOKMARK [3][-]{subsubsection.5.7.3}{Par\341metros y Opciones}{subsection.5.7}% 51
\BOOKMARK [3][-]{subsubsection.5.7.4}{Invocaci\363n Manual/Autom\341tica con ejemplos}{subsection.5.7}% 52
\BOOKMARK [3][-]{subsubsection.5.7.5}{Hip\363tesis y Aclaraciones del Comando}{subsection.5.7}% 53
\BOOKMARK [3][-]{subsubsection.5.7.6}{C\363digo Fuente}{subsection.5.7}% 54
\BOOKMARK [2][-]{subsection.5.8}{MirarV5}{section.5}% 55
\BOOKMARK [3][-]{subsubsection.5.8.1}{Usos}{subsection.5.8}% 56
\BOOKMARK [3][-]{subsubsection.5.8.2}{Archivos}{subsection.5.8}% 57
\BOOKMARK [3][-]{subsubsection.5.8.3}{Par\341metros y Opciones}{subsection.5.8}% 58
\BOOKMARK [3][-]{subsubsection.5.8.4}{Invocaci\363n Manual/Autom\341tica con ejemplos}{subsection.5.8}% 59
\BOOKMARK [3][-]{subsubsection.5.8.5}{Hip\363tesis y Aclaraciones del Comando}{subsection.5.8}% 60
\BOOKMARK [3][-]{subsubsection.5.8.6}{C\363digo Fuente}{subsection.5.8}% 61
\BOOKMARK [2][-]{subsection.5.9}{MoverV5}{section.5}% 62
\BOOKMARK [3][-]{subsubsection.5.9.1}{Usos}{subsection.5.9}% 63
\BOOKMARK [3][-]{subsubsection.5.9.2}{Archivos}{subsection.5.9}% 64
\BOOKMARK [3][-]{subsubsection.5.9.3}{Par\341metros y Opciones}{subsection.5.9}% 65
\BOOKMARK [3][-]{subsubsection.5.9.4}{Invocaci\363n Manual/Autom\341tica con ejemplos}{subsection.5.9}% 66
\BOOKMARK [3][-]{subsubsection.5.9.5}{Hip\363tesis y Aclaraciones del Comando}{subsection.5.9}% 67
\BOOKMARK [3][-]{subsubsection.5.9.6}{C\363digo Fuente}{subsection.5.9}% 68
\BOOKMARK [2][-]{subsection.5.10}{StartD}{section.5}% 69
\BOOKMARK [3][-]{subsubsection.5.10.1}{Usos}{subsection.5.10}% 70
\BOOKMARK [3][-]{subsubsection.5.10.2}{Archivos}{subsection.5.10}% 71
\BOOKMARK [3][-]{subsubsection.5.10.3}{Par\341metros y Opciones}{subsection.5.10}% 72
\BOOKMARK [3][-]{subsubsection.5.10.4}{Invocaci\363n Manual/Autom\341tica con ejemplos}{subsection.5.10}% 73
\BOOKMARK [3][-]{subsubsection.5.10.5}{Hip\363tesis y Aclaraciones del Comando}{subsection.5.10}% 74
\BOOKMARK [3][-]{subsubsection.5.10.6}{C\363digo Fuente}{subsection.5.10}% 75
\BOOKMARK [2][-]{subsection.5.11}{StopD}{section.5}% 76
\BOOKMARK [3][-]{subsubsection.5.11.1}{Usos}{subsection.5.11}% 77
\BOOKMARK [3][-]{subsubsection.5.11.2}{Archivos}{subsection.5.11}% 78
\BOOKMARK [3][-]{subsubsection.5.11.3}{Par\341metros y Opciones}{subsection.5.11}% 79
\BOOKMARK [3][-]{subsubsection.5.11.4}{Invocaci\363n Manual/Autom\341tica con ejemplos}{subsection.5.11}% 80
\BOOKMARK [3][-]{subsubsection.5.11.5}{Hip\363tesis y Aclaraciones del Comando}{subsection.5.11}% 81
\BOOKMARK [3][-]{subsubsection.5.11.6}{C\363digo Fuente}{subsection.5.11}% 82
\BOOKMARK [1][-]{section.6}{Archivos}{}% 83
\BOOKMARK [2][-]{subsection.6.1}{Definidos en Enunciado}{section.6}% 84
\BOOKMARK [3][-]{subsubsection.6.1.1}{InstalaV5.conf}{subsection.6.1}% 85
\BOOKMARK [3][-]{subsubsection.6.1.2}{<Comando>.logext}{subsection.6.1}% 86
\BOOKMARK [3][-]{subsubsection.6.1.3}{Patrones}{subsection.6.1}% 87
\BOOKMARK [3][-]{subsubsection.6.1.4}{Sistemas}{subsection.6.1}% 88
\BOOKMARK [3][-]{subsubsection.6.1.5}{rglobales. PAT\137ID}{subsection.6.1}% 89
\BOOKMARK [3][-]{subsubsection.6.1.6}{resultados.PAT\137ID}{subsection.6.1}% 90
\BOOKMARK [3][-]{subsubsection.6.1.7}{salida\137xxx}{subsection.6.1}% 91
\BOOKMARK [2][-]{subsection.6.2}{Auxiliares}{section.6}% 92
\BOOKMARK [3][-]{subsubsection.6.2.1}{ListaErrores}{subsection.6.2}% 93
\BOOKMARK [1][-]{section.7}{Ap\351ndice A}{}% 94
